INFO: [VRFC 10-2263] Analyzing Verilog file "/home/admin/Desktop/GPNAE/src/TyMAC/Adder_FP32.v" into library xil_defaultlib
INFO: [VRFC 10-311] analyzing module Adder_32
INFO: [VRFC 10-2263] Analyzing Verilog file "/home/admin/Desktop/GPNAE/src/TyMAC/Memory/CoeffROM.v" into library xil_defaultlib
INFO: [VRFC 10-311] analyzing module CoeffROM
INFO: [VRFC 10-2263] Analyzing Verilog file "/home/admin/Desktop/GPNAE/src/TyMAC/Memory/InputFIFO.v" into library xil_defaultlib
INFO: [VRFC 10-311] analyzing module InputFIFO
INFO: [VRFC 10-2263] Analyzing Verilog file "/home/admin/Desktop/GPNAE/src/TyMAC/LZC.v" into library xil_defaultlib
INFO: [VRFC 10-311] analyzing module cntlz8
INFO: [VRFC 10-311] analyzing module cntlz24
INFO: [VRFC 10-2263] Analyzing Verilog file "/home/admin/Desktop/GPNAE/src/TyMAC/Memory/PE5B.v" into library xil_defaultlib
INFO: [VRFC 10-311] analyzing module PE5B
INFO: [VRFC 10-2263] Analyzing Verilog file "/home/admin/Desktop/GPNAE/src/TyMAC/Memory/RAM.v" into library xil_defaultlib
INFO: [VRFC 10-311] analyzing module dual_port_ram
INFO: [VRFC 10-2263] Analyzing Verilog file "/home/admin/Desktop/GPNAE/src/TyMAC/Memory/ROM.v" into library xil_defaultlib
INFO: [VRFC 10-311] analyzing module rom_block
INFO: [VRFC 10-2263] Analyzing Verilog file "/home/admin/Desktop/GPNAE/src/TyMAC/UnSig_R4Booth.v" into library xil_defaultlib
INFO: [VRFC 10-311] analyzing module R4Booth
INFO: [VRFC 10-2263] Analyzing Verilog file "/home/admin/Desktop/GPNAE/src/TyMAC/datapath.v" into library xil_defaultlib
INFO: [VRFC 10-311] analyzing module datapath
INFO: [VRFC 10-2263] Analyzing SystemVerilog file "/home/admin/Desktop/GPNAE/src/Divider/Divider_FP32.sv" into library xil_defaultlib
INFO: [VRFC 10-311] analyzing module divide_32
INFO: [VRFC 10-2263] Analyzing SystemVerilog file "/home/admin/Desktop/GPNAE/src/Down.sv" into library xil_defaultlib
INFO: [VRFC 10-311] analyzing module fp32_down
INFO: [VRFC 10-2263] Analyzing SystemVerilog file "/home/admin/Desktop/GPNAE/src/TyMAC/MAC.sv" into library xil_defaultlib
INFO: [VRFC 10-311] analyzing module mac
INFO: [VRFC 10-2263] Analyzing SystemVerilog file "/home/admin/Desktop/GPNAE/src/TyMAC/Multiplier_FP32.sv" into library xil_defaultlib
INFO: [VRFC 10-311] analyzing module multiply_32
INFO: [VRFC 10-2263] Analyzing SystemVerilog file "/home/admin/Desktop/GPNAE/src/SeLu.sv" into library xil_defaultlib
INFO: [VRFC 10-311] analyzing module SeLu
INFO: [VRFC 10-2263] Analyzing SystemVerilog file "/home/admin/Desktop/GPNAE/src/TyMAC/UnSig_Karatsuba.sv" into library xil_defaultlib
INFO: [VRFC 10-311] analyzing module karatsuba
INFO: [VRFC 10-2263] Analyzing SystemVerilog file "/home/admin/Desktop/GPNAE/src/UpDown.sv" into library xil_defaultlib
INFO: [VRFC 10-311] analyzing module fp32_up_down
INFO: [VRFC 10-2263] Analyzing SystemVerilog file "/home/admin/Desktop/GPNAE/src/TyMAC/controller.sv" into library xil_defaultlib
INFO: [VRFC 10-311] analyzing module controller
INFO: [VRFC 10-2263] Analyzing SystemVerilog file "/home/admin/Desktop/GPNAE/src/Divider/divu.sv" into library xil_defaultlib
INFO: [VRFC 10-311] analyzing module divu
INFO: [VRFC 10-2263] Analyzing SystemVerilog file "/home/admin/Desktop/GPNAE/src/gpnae.sv" into library xil_defaultlib
INFO: [VRFC 10-311] analyzing module gpnae
INFO: [VRFC 10-2263] Analyzing SystemVerilog file "/home/admin/Desktop/GPNAE/src/sigtan.sv" into library xil_defaultlib
INFO: [VRFC 10-311] analyzing module sigtan
INFO: [VRFC 10-2263] Analyzing SystemVerilog file "/home/admin/Desktop/GPNAE/testbenches/TB_gpnae.sv" into library xil_defaultlib
INFO: [VRFC 10-311] analyzing module TB_gpnae
INFO: [VRFC 10-2263] Analyzing Verilog file "/home/admin/Desktop/GPNAE/VIVADO/GPNAE/GPNAE.sim/sim_1/behav/xsim/glbl.v" into library xil_defaultlib
INFO: [VRFC 10-311] analyzing module glbl
