INFO: [VRFC 10-2263] Analyzing SystemVerilog file "/home/admin/Desktop/GPNAE/src/Divider/Divider_FP32.sv" into library xil_defaultlib
INFO: [VRFC 10-311] analyzing module divide_32
INFO: [VRFC 10-2263] Analyzing SystemVerilog file "/home/admin/Desktop/GPNAE/src/Down.sv" into library xil_defaultlib
INFO: [VRFC 10-311] analyzing module fp32_down
INFO: [VRFC 10-2263] Analyzing SystemVerilog file "/home/admin/Desktop/GPNAE/src/TYTAN/MAC.sv" into library xil_defaultlib
INFO: [VRFC 10-311] analyzing module mac
INFO: [VRFC 10-2263] Analyzing SystemVerilog file "/home/admin/Desktop/GPNAE/src/TYTAN/Multiplier_FP32.sv" into library xil_defaultlib
INFO: [VRFC 10-311] analyzing module multiply_32
INFO: [VRFC 10-2263] Analyzing SystemVerilog file "/home/admin/Desktop/GPNAE/src/SeLu.sv" into library xil_defaultlib
INFO: [VRFC 10-311] analyzing module SeLu
INFO: [VRFC 10-2263] Analyzing SystemVerilog file "/home/admin/Desktop/GPNAE/src/TYTAN/UnSig_Karatsuba.sv" into library xil_defaultlib
INFO: [VRFC 10-311] analyzing module karatsuba
INFO: [VRFC 10-2263] Analyzing SystemVerilog file "/home/admin/Desktop/GPNAE/src/UpDown.sv" into library xil_defaultlib
INFO: [VRFC 10-311] analyzing module fp32_up_down
INFO: [VRFC 10-2263] Analyzing SystemVerilog file "/home/admin/Desktop/GPNAE/src/TYTAN/controller.sv" into library xil_defaultlib
INFO: [VRFC 10-311] analyzing module controller
INFO: [VRFC 10-2263] Analyzing SystemVerilog file "/home/admin/Desktop/GPNAE/src/Divider/divu.sv" into library xil_defaultlib
INFO: [VRFC 10-311] analyzing module divu
INFO: [VRFC 10-2263] Analyzing SystemVerilog file "/home/admin/Desktop/GPNAE/src/gpnae.sv" into library xil_defaultlib
INFO: [VRFC 10-311] analyzing module gpnae
WARNING: [VRFC 10-1103] net type must be explicitly specified for 'clk_i' when default_nettype is none [/home/admin/Desktop/GPNAE/src/gpnae.sv:7]
WARNING: [VRFC 10-1103] net type must be explicitly specified for 'rstn_i' when default_nettype is none [/home/admin/Desktop/GPNAE/src/gpnae.sv:8]
WARNING: [VRFC 10-1103] net type must be explicitly specified for 'signal_i' when default_nettype is none [/home/admin/Desktop/GPNAE/src/gpnae.sv:10]
WARNING: [VRFC 10-1103] net type must be explicitly specified for 'wr_en_i' when default_nettype is none [/home/admin/Desktop/GPNAE/src/gpnae.sv:11]
WARNING: [VRFC 10-1103] net type must be explicitly specified for 'last_i' when default_nettype is none [/home/admin/Desktop/GPNAE/src/gpnae.sv:12]
WARNING: [VRFC 10-1103] net type must be explicitly specified for 'terms_i' when default_nettype is none [/home/admin/Desktop/GPNAE/src/gpnae.sv:14]
WARNING: [VRFC 10-1103] net type must be explicitly specified for 'control_word_i' when default_nettype is none [/home/admin/Desktop/GPNAE/src/gpnae.sv:15]
INFO: [VRFC 10-311] analyzing module gpnae_control_unit
INFO: [VRFC 10-2263] Analyzing SystemVerilog file "/home/admin/Desktop/GPNAE/src/sigtan.sv" into library xil_defaultlib
INFO: [VRFC 10-311] analyzing module sigtan
INFO: [VRFC 10-2263] Analyzing SystemVerilog file "/home/admin/Desktop/GPNAE/testbenches/TB_gpnae.sv" into library xil_defaultlib
INFO: [VRFC 10-311] analyzing module TB_gpnae
